<?xml version="1.0" encoding="UTF-8"?>
<!-- Generated by org.testng.reporters.JUnitXMLReporter -->
<testsuite hostname="Samis-MacBook-Pro.local" name="Login Tests" tests="4" failures="0" timestamp="8 Jun 2019 15:25:55 GMT" time="55.913" errors="0">
  <testcase name="loginWithInvalidCredentials" time="11.482" classname="com.qa.CapsuleCRMTests.LoginTests"/>
  <testcase name="loginWithInvalidPassword" time="6.618" classname="com.qa.CapsuleCRMTests.LoginTests"/>
  <testcase name="loginWithInvalidUsername" time="24.311" classname="com.qa.CapsuleCRMTests.LoginTests"/>
  <testcase name="successfulLogin" time="6.273" classname="com.qa.CapsuleCRMTests.LoginTests"/>
</testsuite> <!-- Login Tests -->
